OMNeT++ Discrete Event Simulation  (C) 1992-2025 Andras Varga, OpenSim Ltd.
Version: 6.3.0, build: 251110-bb3d6a4731, edition: Academic Public License -- NOT FOR COMMERCIAL USE
See the license for distribution terms and warranty disclaimer

Setting up Cmdenv...

Loading NED files from .:  1

Preparing for running configuration General, run #0...
Assigned runID=General-0-20260422-12:15:08-5509
Setting up network "UavWsnNetwork"...
Initializing...
MetricsCollector::setCollectionWindow(691) - uavCollectionWindowDuration now = 691

Running simulation...
** Event #0   t=0   Elapsed: 9e-06s (0m 00s)  0% completed  (0% total)   ev/sec=0
** Event #1810688   t=62521.861775699258   Elapsed: 2.00012s (0m 02s)  5% completed  (5% total)   ev/sec=905292
** Event #3674624   t=125958   Elapsed: 4.00017s (0m 04s)  10% completed  (10% total)   ev/sec=931945
** Event #5527296   t=189928.998844967005   Elapsed: 6.00018s (0m 06s)  16% completed  (16% total)   ev/sec=926335
** Event #7356928   t=252859.03325715571   Elapsed: 8.0002s (0m 08s)  21% completed  (21% total)   ev/sec=914804
** Event #9189632   t=315337.749255390952   Elapsed: 10.0003s (0m 10s)  27% completed  (27% total)   ev/sec=916330
** Event #10978304   t=376993   Elapsed: 12.0004s (0m 12s)  32% completed  (32% total)   ev/sec=894284
** Event #12787456   t=438654   Elapsed: 14.0004s (0m 14s)  37% completed  (37% total)   ev/sec=904557
** Event #14600448   t=498412   Elapsed: 16.0007s (0m 16s)  42% completed  (42% total)   ev/sec=906373
** Event #16784640   t=599975   Elapsed: 18.0009s (0m 18s)  51% completed  (51% total)   ev/sec=1.09198e+06
** Event #19442176   t=748349   Elapsed: 20.0009s (0m 20s)  64% completed  (64% total)   ev/sec=1.32874e+06
** Event #22094592   t=898520   Elapsed: 22.001s (0m 22s)  77% completed  (77% total)   ev/sec=1.32614e+06
** Event #24755200   t=1048905   Elapsed: 24.0011s (0m 24s)  90% completed  (90% total)   ev/sec=1.33026e+06
** Event #26738728   t=1161000   Elapsed: 25.4809s (0m 25s)  100% completed  (100% total)   ev/sec=1.3404e+06

<!> Simulation time limit reached -- at t=1161000s, event #26738728

Calling finish() at end of Run #0...

End.
